{"uuid":"3117e33e-b63f-4829-9816-14da629fe478","historyId":"4277f148e57f3493a304305a0671df91","testCaseId":"529e526b65c27e2fddf5dc8c9c8f714","fullName":"features/TC002_SwagLabAddProducts.feature:4","labels":[{"name":"tag","value":"AddProductSwagLab"},{"name":"host","value":"INTLAP-050-CHANDAN-KUMAR-SAH"},{"name":"thread","value":"29888@INTLAP-050-CHANDAN-KUMAR-SAH.main(1)"},{"name":"feature","value":"Add Products to the SwagLab"},{"name":"story","value":"Add products to the Swag Lab cart"},{"name":"suite","value":"Add Products to the SwagLab"},{"name":"testClass","value":"Add products to the Swag Lab cart"},{"name":"framework","value":"cucumber4jvm"},{"name":"language","value":"java"},{"name":"gherkin_uri","value":"classpath:features/TC002_SwagLabAddProducts.feature"},{"name":"package","value":"features.TC002_SwagLabAddProducts_feature.Add Products to the SwagLab"}],"links":[],"name":"Add products to the Swag Lab cart","status":"broken","statusDetails":{"known":false,"muted":false,"flaky":false,"message":"Cannot find elements when the XPath is null.","trace":"java.lang.IllegalArgumentException: Cannot find elements when the XPath is null.\r\n\tat org.openqa.selenium.internal.Require$ArgumentChecker.nonNull(Require.java:207)\r\n\tat org.openqa.selenium.By$ByXPath.<init>(By.java:286)\r\n\tat org.openqa.selenium.By.xpath(By.java:89)\r\n\tat StepDefinitions.Swag_Lab_Add_Products.click_on_the_home_button(Swag_Lab_Add_Products.java:112)\r\n\tat ✽.Click on the Home button(classpath:features/TC002_SwagLabAddProducts.feature:11)\r\n"},"stage":"finished","steps":[{"name":"When Click on Add to cart","status":"passed","statusDetails":{"known":false,"muted":false,"flaky":false},"stage":"finished","steps":[],"attachments":[],"parameters":[],"start":1762951678860,"stop":1762951681305},{"name":"Then Click on SwagLab Cart Icon","status":"passed","statusDetails":{"known":false,"muted":false,"flaky":false},"stage":"finished","steps":[],"attachments":[],"parameters":[],"start":1762951681315,"stop":1762951681891},{"name":"Then click on Checkout button","status":"passed","statusDetails":{"known":false,"muted":false,"flaky":false},"stage":"finished","steps":[],"attachments":[],"parameters":[],"start":1762951681892,"stop":1762951682475},{"name":"And Enter the User details","status":"passed","statusDetails":{"known":false,"muted":false,"flaky":false},"stage":"finished","steps":[],"attachments":[],"parameters":[],"start":1762951682478,"stop":1762951686258},{"name":"Then Click on Continue button","status":"passed","statusDetails":{"known":false,"muted":false,"flaky":false},"stage":"finished","steps":[],"attachments":[],"parameters":[],"start":1762951686258,"stop":1762951686865},{"name":"And Click on Finish button","status":"passed","statusDetails":{"known":false,"muted":false,"flaky":false},"stage":"finished","steps":[],"attachments":[],"parameters":[],"start":1762951686865,"stop":1762951687480},{"name":"Then Click on the Home button","status":"broken","statusDetails":{"known":false,"muted":false,"flaky":false,"message":"Cannot find elements when the XPath is null.","trace":"java.lang.IllegalArgumentException: Cannot find elements when the XPath is null.\r\n\tat org.openqa.selenium.internal.Require$ArgumentChecker.nonNull(Require.java:207)\r\n\tat org.openqa.selenium.By$ByXPath.<init>(By.java:286)\r\n\tat org.openqa.selenium.By.xpath(By.java:89)\r\n\tat StepDefinitions.Swag_Lab_Add_Products.click_on_the_home_button(Swag_Lab_Add_Products.java:112)\r\n\tat ✽.Click on the Home button(classpath:features/TC002_SwagLabAddProducts.feature:11)\r\n"},"stage":"finished","steps":[],"attachments":[],"parameters":[],"start":1762951687481,"stop":1762951687496}],"attachments":[],"parameters":[],"start":1762951667432,"stop":1762951687648}