{"uuid":"a770d62b-42e0-47da-a899-6b45989be9b8","historyId":"4277f148e57f3493a304305a0671df91","testCaseId":"529e526b65c27e2fddf5dc8c9c8f714","fullName":"features/TC002_SwagLabAddProducts.feature:4","labels":[{"name":"tag","value":"AddProductSwagLab"},{"name":"host","value":"INTLAP-050-CHANDAN-KUMAR-SAH"},{"name":"thread","value":"22864@INTLAP-050-CHANDAN-KUMAR-SAH.main(1)"},{"name":"feature","value":"Add Products to the SwagLab"},{"name":"story","value":"Add products to the Swag Lab cart"},{"name":"suite","value":"Add Products to the SwagLab"},{"name":"testClass","value":"Add products to the Swag Lab cart"},{"name":"framework","value":"cucumber4jvm"},{"name":"language","value":"java"},{"name":"gherkin_uri","value":"classpath:features/TC002_SwagLabAddProducts.feature"},{"name":"package","value":"features.TC002_SwagLabAddProducts_feature.Add Products to the SwagLab"}],"links":[],"name":"Add products to the Swag Lab cart","status":"broken","statusDetails":{"known":false,"muted":false,"flaky":false,"message":"Cannot find elements when the XPath is null.","trace":"java.lang.IllegalArgumentException: Cannot find elements when the XPath is null.\r\n\tat org.openqa.selenium.internal.Require$ArgumentChecker.nonNull(Require.java:207)\r\n\tat org.openqa.selenium.By$ByXPath.<init>(By.java:286)\r\n\tat org.openqa.selenium.By.xpath(By.java:89)\r\n\tat StepDefinitions.Swag_Lab_Add_Products.click_on_the_home_button(Swag_Lab_Add_Products.java:112)\r\n\tat ✽.Click on the Home button(classpath:features/TC002_SwagLabAddProducts.feature:11)\r\n"},"stage":"finished","steps":[{"name":"When Click on Add to cart","status":"passed","statusDetails":{"known":false,"muted":false,"flaky":false},"stage":"finished","steps":[],"attachments":[],"parameters":[],"start":1762516945765,"stop":1762516948172},{"name":"Then Click on SwagLab Cart Icon","status":"passed","statusDetails":{"known":false,"muted":false,"flaky":false},"stage":"finished","steps":[],"attachments":[],"parameters":[],"start":1762516948181,"stop":1762516948795},{"name":"Then click on Checkout button","status":"passed","statusDetails":{"known":false,"muted":false,"flaky":false},"stage":"finished","steps":[],"attachments":[],"parameters":[],"start":1762516948796,"stop":1762516949377},{"name":"And Enter the User details","status":"passed","statusDetails":{"known":false,"muted":false,"flaky":false},"stage":"finished","steps":[],"attachments":[],"parameters":[],"start":1762516949380,"stop":1762516953444},{"name":"Then Click on Continue button","status":"passed","statusDetails":{"known":false,"muted":false,"flaky":false},"stage":"finished","steps":[],"attachments":[],"parameters":[],"start":1762516953446,"stop":1762516954050},{"name":"And Click on Finish button","status":"passed","statusDetails":{"known":false,"muted":false,"flaky":false},"stage":"finished","steps":[],"attachments":[],"parameters":[],"start":1762516954051,"stop":1762516954651},{"name":"Then Click on the Home button","status":"broken","statusDetails":{"known":false,"muted":false,"flaky":false,"message":"Cannot find elements when the XPath is null.","trace":"java.lang.IllegalArgumentException: Cannot find elements when the XPath is null.\r\n\tat org.openqa.selenium.internal.Require$ArgumentChecker.nonNull(Require.java:207)\r\n\tat org.openqa.selenium.By$ByXPath.<init>(By.java:286)\r\n\tat org.openqa.selenium.By.xpath(By.java:89)\r\n\tat StepDefinitions.Swag_Lab_Add_Products.click_on_the_home_button(Swag_Lab_Add_Products.java:112)\r\n\tat ✽.Click on the Home button(classpath:features/TC002_SwagLabAddProducts.feature:11)\r\n"},"stage":"finished","steps":[],"attachments":[],"parameters":[],"start":1762516954652,"stop":1762516954661}],"attachments":[],"parameters":[],"start":1762516940197,"stop":1762516954785}