{"uuid":"e2768ec3-8202-484c-8100-2076ccf076d7","historyId":"4277f148e57f3493a304305a0671df91","testCaseId":"529e526b65c27e2fddf5dc8c9c8f714","fullName":"features/TC002_SwagLabAddProducts.feature:4","labels":[{"name":"tag","value":"AddProductSwagLab"},{"name":"host","value":"INTLAP-050-CHANDAN-KUMAR-SAH"},{"name":"thread","value":"1240@INTLAP-050-CHANDAN-KUMAR-SAH.main(1)"},{"name":"feature","value":"Add Products to the SwagLab"},{"name":"story","value":"Add products to the Swag Lab cart"},{"name":"suite","value":"Add Products to the SwagLab"},{"name":"testClass","value":"Add products to the Swag Lab cart"},{"name":"framework","value":"cucumber4jvm"},{"name":"language","value":"java"},{"name":"gherkin_uri","value":"classpath:features/TC002_SwagLabAddProducts.feature"},{"name":"package","value":"features.TC002_SwagLabAddProducts_feature.Add Products to the SwagLab"}],"links":[],"name":"Add products to the Swag Lab cart","status":"broken","statusDetails":{"known":false,"muted":false,"flaky":false,"message":"Cannot find elements when the XPath is null.","trace":"java.lang.IllegalArgumentException: Cannot find elements when the XPath is null.\r\n\tat org.openqa.selenium.internal.Require$ArgumentChecker.nonNull(Require.java:207)\r\n\tat org.openqa.selenium.By$ByXPath.<init>(By.java:286)\r\n\tat org.openqa.selenium.By.xpath(By.java:89)\r\n\tat StepDefinitions.Swag_Lab_Add_Products.click_on_the_home_button(Swag_Lab_Add_Products.java:112)\r\n\tat ✽.Click on the Home button(classpath:features/TC002_SwagLabAddProducts.feature:11)\r\n"},"stage":"finished","steps":[{"name":"When Click on Add to cart","status":"passed","statusDetails":{"known":false,"muted":false,"flaky":false},"stage":"finished","steps":[],"attachments":[],"parameters":[],"start":1762516312620,"stop":1762516314969},{"name":"Then Click on SwagLab Cart Icon","status":"passed","statusDetails":{"known":false,"muted":false,"flaky":false},"stage":"finished","steps":[],"attachments":[],"parameters":[],"start":1762516314978,"stop":1762516315570},{"name":"Then click on Checkout button","status":"passed","statusDetails":{"known":false,"muted":false,"flaky":false},"stage":"finished","steps":[],"attachments":[],"parameters":[],"start":1762516315571,"stop":1762516316154},{"name":"And Enter the User details","status":"passed","statusDetails":{"known":false,"muted":false,"flaky":false},"stage":"finished","steps":[],"attachments":[],"parameters":[],"start":1762516316156,"stop":1762516320379},{"name":"Then Click on Continue button","status":"passed","statusDetails":{"known":false,"muted":false,"flaky":false},"stage":"finished","steps":[],"attachments":[],"parameters":[],"start":1762516320382,"stop":1762516320998},{"name":"And Click on Finish button","status":"passed","statusDetails":{"known":false,"muted":false,"flaky":false},"stage":"finished","steps":[],"attachments":[],"parameters":[],"start":1762516321000,"stop":1762516321602},{"name":"Then Click on the Home button","status":"broken","statusDetails":{"known":false,"muted":false,"flaky":false,"message":"Cannot find elements when the XPath is null.","trace":"java.lang.IllegalArgumentException: Cannot find elements when the XPath is null.\r\n\tat org.openqa.selenium.internal.Require$ArgumentChecker.nonNull(Require.java:207)\r\n\tat org.openqa.selenium.By$ByXPath.<init>(By.java:286)\r\n\tat org.openqa.selenium.By.xpath(By.java:89)\r\n\tat StepDefinitions.Swag_Lab_Add_Products.click_on_the_home_button(Swag_Lab_Add_Products.java:112)\r\n\tat ✽.Click on the Home button(classpath:features/TC002_SwagLabAddProducts.feature:11)\r\n"},"stage":"finished","steps":[],"attachments":[],"parameters":[],"start":1762516321603,"stop":1762516321617}],"attachments":[],"parameters":[],"start":1762516306092,"stop":1762516321873}